This file contains any messages produced by compilers while
running configure, to aid debugging if configure makes a mistake.

It was created by Givaro configure 4.2.1, which was
generated by GNU Autoconf 2.72.  Invocation command line was

  $ ./configure --prefix=/Users/nguyentrinh/Documents/GitHub/wiedemann-analyzer/external/givaro-4.2.1 --with-gmp-prefix=/Users/nguyentrinh/Documents/GitHub/wiedemann-analyzer/external/gmp-6.3.0

## --------- ##
## Platform. ##
## --------- ##

hostname = Nguyens-MacBook-Air-2.local
uname -m = arm64
uname -r = 24.3.0
uname -s = Darwin
uname -v = Darwin Kernel Version 24.3.0: Thu Jan  2 20:24:23 PST 2025; root:xnu-11215.81.4~3/RELEASE_ARM64_T8122

/usr/bin/uname -p = arm
/bin/uname -X     = unknown

/bin/arch              = unknown
/usr/bin/arch -k       = unknown
/usr/convex/getsysinfo = unknown
/usr/bin/hostinfo      = Mach kernel version:
	 Darwin Kernel Version 24.3.0: Thu Jan  2 20:24:23 PST 2025; root:xnu-11215.81.4~3/RELEASE_ARM64_T8122
Kernel configured for up to 8 processors.
8 processors are physically available.
8 processors are logically available.
Processor type: arm64e (ARM64E)
Processors active: 0 1 2 3 4 5 6 7
Primary memory available: 16.00 gigabytes
Default processor set: 752 tasks, 3431 threads, 8 processors
Load average: 4.02, Mach factor: 4.02
/bin/machine           = unknown
/usr/bin/oslevel       = unknown
/bin/universe          = unknown

PATH: /Users/nguyentrinh/Documents/GitHub/wiedemann-analyzer/external/gmp-6.3.0/bin/
PATH: /Library/TeX/texbin/
PATH: /opt/homebrew/bin/
PATH: /opt/homebrew/sbin/
PATH: /usr/local/bin/
PATH: /System/Cryptexes/App/usr/bin/
PATH: /usr/bin/
PATH: /bin/
PATH: /usr/sbin/
PATH: /sbin/
PATH: /var/run/com.apple.security.cryptexd/codex.system/bootstrap/usr/local/bin/
PATH: /var/run/com.apple.security.cryptexd/codex.system/bootstrap/usr/bin/
PATH: /var/run/com.apple.security.cryptexd/codex.system/bootstrap/usr/appleinternal/bin/
PATH: /opt/X11/bin/
PATH: /Library/Apple/usr/bin/
PATH: /Users/nguyentrinh/.cargo/bin/


## ----------- ##
## Core tests. ##
## ----------- ##

configure:3118: looking for aux files: ltmain.sh compile ar-lib missing install-sh config.guess config.sub
configure:3131:  trying ./build-aux/
configure:3160:   ./build-aux/ltmain.sh found
configure:3160:   ./build-aux/compile found
configure:3160:   ./build-aux/ar-lib found
configure:3160:   ./build-aux/missing found
configure:3142:   ./build-aux/install-sh found
configure:3160:   ./build-aux/config.guess found
configure:3160:   ./build-aux/config.sub found
configure:3285: checking build system type
configure:3301: result: aarch64-apple-darwin24.3.0
configure:3321: checking host system type
configure:3336: result: aarch64-apple-darwin24.3.0
configure:3356: checking target system type
configure:3371: result: aarch64-apple-darwin24.3.0
configure:3415: checking for a BSD-compatible install
configure:3489: result: /usr/bin/install -c
configure:3500: checking whether sleep supports fractional seconds
configure:3516: result: yes
configure:3519: checking filesystem timestamp resolution
configure:3654: result: 2
configure:3659: checking whether build environment is sane
configure:3700: result: yes
configure:3871: checking for a race-free mkdir -p
configure:3914: result: mkdir -p
configure:3921: checking for gawk
configure:3957: result: no
configure:3921: checking for mawk
configure:3957: result: no
configure:3921: checking for nawk
configure:3957: result: no
configure:3921: checking for awk
configure:3942: found /usr/bin/awk
configure:3954: result: awk
configure:3965: checking whether make sets $(MAKE)
configure:3989: result: yes
configure:4015: checking whether make supports nested variables
configure:4034: result: yes
configure:4048: checking xargs -n works
configure:4064: result: yes
configure:4248: checking for g++
configure:4269: found /usr/bin/g++
configure:4281: result: g++
configure:4308: checking for C++ compiler version
configure:4317: g++ --version >&5
Apple clang version 16.0.0 (clang-1600.0.26.6)
Target: arm64-apple-darwin24.3.0
Thread model: posix
InstalledDir: /Applications/Xcode.app/Contents/Developer/Toolchains/XcodeDefault.xctoolchain/usr/bin
configure:4328: $? = 0
configure:4317: g++ -v >&5
Apple clang version 16.0.0 (clang-1600.0.26.6)
Target: arm64-apple-darwin24.3.0
Thread model: posix
InstalledDir: /Applications/Xcode.app/Contents/Developer/Toolchains/XcodeDefault.xctoolchain/usr/bin
configure:4328: $? = 0
configure:4317: g++ -V >&5
clang++: error: argument to '-V' is missing (expected 1 value)
clang++: error: no input files
configure:4328: $? = 1
configure:4317: g++ -qversion >&5
clang++: error: unknown argument '-qversion'; did you mean '--version'?
clang++: error: no input files
configure:4328: $? = 1
configure:4348: checking whether the C++ compiler works
configure:4370: g++  -I/Users/nguyentrinh/Documents/GitHub/wiedemann-analyzer/external/gmp-6.3.0/include -L/Users/nguyentrinh/Documents/GitHub/wiedemann-analyzer/external/gmp-6.3.0/lib conftest.cpp  >&5
configure:4374: $? = 0
configure:4425: result: yes
configure:4429: checking for C++ compiler default output file name
configure:4431: result: a.out
configure:4437: checking for suffix of executables
configure:4444: g++ -o conftest  -I/Users/nguyentrinh/Documents/GitHub/wiedemann-analyzer/external/gmp-6.3.0/include -L/Users/nguyentrinh/Documents/GitHub/wiedemann-analyzer/external/gmp-6.3.0/lib conftest.cpp  >&5
configure:4448: $? = 0
configure:4472: result: 
configure:4496: checking whether we are cross compiling
configure:4504: g++ -o conftest  -I/Users/nguyentrinh/Documents/GitHub/wiedemann-analyzer/external/gmp-6.3.0/include -L/Users/nguyentrinh/Documents/GitHub/wiedemann-analyzer/external/gmp-6.3.0/lib conftest.cpp  >&5
configure:4508: $? = 0
configure:4515: ./conftest
configure:4519: $? = 0
configure:4534: result: no
configure:4540: checking for suffix of object files
configure:4563: g++ -c  -I/Users/nguyentrinh/Documents/GitHub/wiedemann-analyzer/external/gmp-6.3.0/include conftest.cpp >&5
configure:4567: $? = 0
configure:4591: result: o
configure:4595: checking whether the compiler supports GNU C++
configure:4615: g++ -c  -I/Users/nguyentrinh/Documents/GitHub/wiedemann-analyzer/external/gmp-6.3.0/include conftest.cpp >&5
configure:4615: $? = 0
configure:4627: result: yes
configure:4638: checking whether g++ accepts -g
configure:4659: g++ -c -g -I/Users/nguyentrinh/Documents/GitHub/wiedemann-analyzer/external/gmp-6.3.0/include conftest.cpp >&5
configure:4659: $? = 0
configure:4706: result: yes
configure:4726: checking for g++ option to enable C++11 features
configure:4741: g++  -c  -I/Users/nguyentrinh/Documents/GitHub/wiedemann-analyzer/external/gmp-6.3.0/include conftest.cpp >&5
conftest.cpp:57:3: error: "Compiler does not advertise C++11 conformance"
   57 | # error "Compiler does not advertise C++11 conformance"
      |   ^
conftest.cpp:62:3: error: unknown type name 'constexpr'
   62 |   constexpr int get_val() { return 20; }
      |   ^
conftest.cpp:74:17: error: delegating constructors are permitted only in C++11
   74 |     delegate(): delegate(2354) {}
      |                 ^~~~~~~~
conftest.cpp:85:26: warning: 'override' keyword is a C++11 extension [-Wc++11-extensions]
   85 |     virtual int getval() override final { return this->n * 2; }
      |                          ^
conftest.cpp:85:35: warning: 'final' keyword is a C++11 extension [-Wc++11-extensions]
   85 |     virtual int getval() override final { return this->n * 2; }
      |                                   ^
conftest.cpp:92:16: warning: defaulted function definitions are a C++11 extension [-Wc++11-extensions]
   92 |     nocopy() = default;
      |                ^
conftest.cpp:93:29: warning: deleted function definitions are a C++11 extension [-Wc++11-extensions]
   93 |     nocopy(const nocopy&) = delete;
      |                             ^
conftest.cpp:94:41: warning: deleted function definitions are a C++11 extension [-Wc++11-extensions]
   94 |     nocopy & operator=(const nocopy&) = delete;
      |                                         ^
conftest.cpp:106:25: warning: 'auto' type specifier is a C++11 extension [-Wc++11-extensions]
  106 |   template <typename V> auto sum(V first) -> V
      |                         ^
conftest.cpp:106:25: error: 'auto' not allowed in function return type
  106 |   template <typename V> auto sum(V first) -> V
      |                         ^~~~
conftest.cpp:106:42: error: expected ';' at end of declaration
  106 |   template <typename V> auto sum(V first) -> V
      |                                          ^
      |                                          ;
conftest.cpp:106:43: error: cannot use arrow operator on a type
  106 |   template <typename V> auto sum(V first) -> V
      |                                           ^
conftest.cpp:110:33: warning: variadic templates are a C++11 extension [-Wc++11-extensions]
  110 |   template <typename V, typename... Args> auto sum(V first, Args... rest) -> V
      |                                 ^
conftest.cpp:110:43: warning: 'auto' type specifier is a C++11 extension [-Wc++11-extensions]
  110 |   template <typename V, typename... Args> auto sum(V first, Args... rest) -> V
      |                                           ^
conftest.cpp:110:43: error: 'auto' not allowed in function return type
  110 |   template <typename V, typename... Args> auto sum(V first, Args... rest) -> V
      |                                           ^~~~
conftest.cpp:110:74: error: expected ';' at end of declaration
  110 |   template <typename V, typename... Args> auto sum(V first, Args... rest) -> V
      |                                                                          ^
      |                                                                          ;
conftest.cpp:110:75: error: cannot use arrow operator on a type
  110 |   template <typename V, typename... Args> auto sum(V first, Args... rest) -> V
      |                                                                           ^
conftest.cpp:134:3: warning: 'auto' type specifier is a C++11 extension [-Wc++11-extensions]
  134 |   auto a1 = 6538;
      |   ^
conftest.cpp:135:3: warning: 'auto' type specifier is a C++11 extension [-Wc++11-extensions]
  135 |   auto a2 = 48573953.4;
      |   ^
conftest.cpp:136:3: warning: 'auto' type specifier is a C++11 extension [-Wc++11-extensions]
  136 |   auto a3 = "String literal";
      |   ^
conftest.cpp:139:8: warning: 'auto' type specifier is a C++11 extension [-Wc++11-extensions]
  139 |   for (auto i = a3; *i; ++i) { total += *i; }
      |        ^
conftest.cpp:155:8: warning: 'auto' type specifier is a C++11 extension [-Wc++11-extensions]
  155 |   for (auto &x : array) { x += 23; }
      |        ^
conftest.cpp:155:16: warning: range-based for loop is a C++11 extension [-Wc++11-extensions]
  155 |   for (auto &x : array) { x += 23; }
      |                ^
conftest.cpp:160:17: error: expected expression
  160 |   assert (eval ([](int x) { return x*2; }, 21) == 42);
      |                 ^
conftest.cpp:162:17: error: expected expression
  162 |   assert (eval ([&](double x) { return d += x; }, 3.0) == 5.0);
      |                 ^
conftest.cpp:164:17: error: expected expression
  164 |   assert (eval ([=](double x) mutable { return d += x; }, 4.0) == 9.0);
      |                 ^
conftest.cpp:170:3: warning: 'auto' type specifier is a C++11 extension [-Wc++11-extensions]
  170 |   auto a = sum(1);
      |   ^
conftest.cpp:170:12: error: no matching function for call to 'sum'
  170 |   auto a = sum(1);
      |            ^~~
conftest.cpp:171:3: warning: 'auto' type specifier is a C++11 extension [-Wc++11-extensions]
  171 |   auto b = sum(1, 2);
      |   ^
conftest.cpp:171:12: error: no matching function for call to 'sum'
  171 |   auto b = sum(1, 2);
      |            ^~~
conftest.cpp:172:3: warning: 'auto' type specifier is a C++11 extension [-Wc++11-extensions]
  172 |   auto c = sum(1.0, 2.0, 3.0);
      |   ^
conftest.cpp:172:12: error: no matching function for call to 'sum'
  172 |   auto c = sum(1.0, 2.0, 3.0);
      |            ^~~
conftest.cpp:177:25: warning: empty parentheses interpreted as a function declaration [-Wvexing-parse]
  177 |   cxx11test::delegate d2();
      |                         ^~
conftest.cpp:177:25: note: remove parentheses to declare a variable
  177 |   cxx11test::delegate d2();
      |                         ^~
conftest.cpp:190:16: error: found '<::' after a template name which forms the digraph '<:' (aka '[') and a ':', did you mean '< ::'?
  190 |   test_template<::test_template<int>> v(test_template<int>(12));
      |                ^~~
      |                < ::
conftest.cpp:190:36: error: a space is required between consecutive right angle brackets (use '> >')
  190 |   test_template<::test_template<int>> v(test_template<int>(12));
      |                                    ^~
      |                                    > >
conftest.cpp:194:22: error: use of undeclared identifier 'u8'
  194 |   char const *utf8 = u8"UTF-8 string \u2500";
      |                      ^
conftest.cpp:194:24: error: expected ';' at end of declaration
  194 |   char const *utf8 = u8"UTF-8 string \u2500";
      |                        ^
      |                        ;
fatal error: too many errors emitted, stopping now [-ferror-limit=]
18 warnings and 20 errors generated.
configure:4741: $? = 1
configure: failed program was:
| /* confdefs.h */
| #define PACKAGE_NAME "Givaro"
| #define PACKAGE_TARNAME "givaro"
| #define PACKAGE_VERSION "4.2.1"
| #define PACKAGE_STRING "Givaro 4.2.1"
| #define PACKAGE_BUGREPORT "http://github.com/linbox-team/givaro"
| #define PACKAGE_URL "https://casys.gricad-pages.univ-grenoble-alpes.fr/givaro"
| #define PACKAGE "givaro"
| #define VERSION "4.2.1"
| /* end confdefs.h.  */
| 
| // Does the compiler advertise C++98 conformance?
| #if !defined __cplusplus || __cplusplus < 199711L
| # error "Compiler does not advertise C++98 conformance"
| #endif
| 
| // These inclusions are to reject old compilers that
| // lack the unsuffixed header files.
| #include <cstdlib>
| #include <exception>
| 
| // <cassert> and <cstring> are *not* freestanding headers in C++98.
| extern void assert (int);
| namespace std {
|   extern int strcmp (const char *, const char *);
| }
| 
| // Namespaces, exceptions, and templates were all added after "C++ 2.0".
| using std::exception;
| using std::strcmp;
| 
| namespace {
| 
| void test_exception_syntax()
| {
|   try {
|     throw "test";
|   } catch (const char *s) {
|     // Extra parentheses suppress a warning when building autoconf itself,
|     // due to lint rules shared with more typical C programs.
|     assert (!(strcmp) (s, "test"));
|   }
| }
| 
| template <typename T> struct test_template
| {
|   T const val;
|   explicit test_template(T t) : val(t) {}
|   template <typename U> T add(U u) { return static_cast<T>(u) + val; }
| };
| 
| } // anonymous namespace
| 
| 
| // Does the compiler advertise C++ 2011 conformance?
| #if !defined __cplusplus || __cplusplus < 201103L
| # error "Compiler does not advertise C++11 conformance"
| #endif
| 
| namespace cxx11test
| {
|   constexpr int get_val() { return 20; }
| 
|   struct testinit
|   {
|     int i;
|     double d;
|   };
| 
|   class delegate
|   {
|   public:
|     delegate(int n) : n(n) {}
|     delegate(): delegate(2354) {}
| 
|     virtual int getval() { return this->n; };
|   protected:
|     int n;
|   };
| 
|   class overridden : public delegate
|   {
|   public:
|     overridden(int n): delegate(n) {}
|     virtual int getval() override final { return this->n * 2; }
|   };
| 
|   class nocopy
|   {
|   public:
|     nocopy(int i): i(i) {}
|     nocopy() = default;
|     nocopy(const nocopy&) = delete;
|     nocopy & operator=(const nocopy&) = delete;
|   private:
|     int i;
|   };
| 
|   // for testing lambda expressions
|   template <typename Ret, typename Fn> Ret eval(Fn f, Ret v)
|   {
|     return f(v);
|   }
| 
|   // for testing variadic templates and trailing return types
|   template <typename V> auto sum(V first) -> V
|   {
|     return first;
|   }
|   template <typename V, typename... Args> auto sum(V first, Args... rest) -> V
|   {
|     return first + sum(rest...);
|   }
| }
| 
| 
| int
| main (int argc, char **argv)
| {
|   int ok = 0;
|   
|   assert (argc);
|   assert (! argv[0]);
| {
|   test_exception_syntax ();
|   test_template<double> tt (2.0);
|   assert (tt.add (4) == 6.0);
|   assert (true && !false);
| }
| 
|   
| {
|   // Test auto and decltype
|   auto a1 = 6538;
|   auto a2 = 48573953.4;
|   auto a3 = "String literal";
| 
|   int total = 0;
|   for (auto i = a3; *i; ++i) { total += *i; }
| 
|   decltype(a2) a4 = 34895.034;
| }
| {
|   // Test constexpr
|   short sa[cxx11test::get_val()] = { 0 };
| }
| {
|   // Test initializer lists
|   cxx11test::testinit il = { 4323, 435234.23544 };
| }
| {
|   // Test range-based for
|   int array[] = {9, 7, 13, 15, 4, 18, 12, 10, 5, 3,
|                  14, 19, 17, 8, 6, 20, 16, 2, 11, 1};
|   for (auto &x : array) { x += 23; }
| }
| {
|   // Test lambda expressions
|   using cxx11test::eval;
|   assert (eval ([](int x) { return x*2; }, 21) == 42);
|   double d = 2.0;
|   assert (eval ([&](double x) { return d += x; }, 3.0) == 5.0);
|   assert (d == 5.0);
|   assert (eval ([=](double x) mutable { return d += x; }, 4.0) == 9.0);
|   assert (d == 5.0);
| }
| {
|   // Test use of variadic templates
|   using cxx11test::sum;
|   auto a = sum(1);
|   auto b = sum(1, 2);
|   auto c = sum(1.0, 2.0, 3.0);
| }
| {
|   // Test constructor delegation
|   cxx11test::delegate d1;
|   cxx11test::delegate d2();
|   cxx11test::delegate d3(45);
| }
| {
|   // Test override and final
|   cxx11test::overridden o1(55464);
| }
| {
|   // Test nullptr
|   char *c = nullptr;
| }
| {
|   // Test template brackets
|   test_template<::test_template<int>> v(test_template<int>(12));
| }
| {
|   // Unicode literals
|   char const *utf8 = u8"UTF-8 string \u2500";
|   char16_t const *utf16 = u"UTF-8 string \u2500";
|   char32_t const *utf32 = U"UTF-32 string \u2500";
| }
| 
|   return ok;
| }
| 
configure:4741: g++ -std=gnu++11 -c  -I/Users/nguyentrinh/Documents/GitHub/wiedemann-analyzer/external/gmp-6.3.0/include conftest.cpp >&5
conftest.cpp:177:25: warning: empty parentheses interpreted as a function declaration [-Wvexing-parse]
  177 |   cxx11test::delegate d2();
      |                         ^~
conftest.cpp:177:25: note: remove parentheses to declare a variable
  177 |   cxx11test::delegate d2();
      |                         ^~
1 warning generated.
configure:4741: $? = 0
configure:4763: result: -std=gnu++11
configure:4832: checking whether make supports the include directive
configure:4847: make -f confmf.GNU && cat confinc.out
this is the am__doit target
configure:4850: $? = 0
configure:4869: result: yes (GNU style)
configure:4895: checking dependency style of g++ -std=gnu++11
configure:5008: result: gcc3
configure:5088: checking for gcc
configure:5109: found /usr/bin/gcc
configure:5121: result: gcc
configure:5480: checking for C compiler version
configure:5489: gcc --version >&5
Apple clang version 16.0.0 (clang-1600.0.26.6)
Target: arm64-apple-darwin24.3.0
Thread model: posix
InstalledDir: /Applications/Xcode.app/Contents/Developer/Toolchains/XcodeDefault.xctoolchain/usr/bin
configure:5500: $? = 0
configure:5489: gcc -v >&5
Apple clang version 16.0.0 (clang-1600.0.26.6)
Target: arm64-apple-darwin24.3.0
Thread model: posix
InstalledDir: /Applications/Xcode.app/Contents/Developer/Toolchains/XcodeDefault.xctoolchain/usr/bin
configure:5500: $? = 0
configure:5489: gcc -V >&5
clang: error: argument to '-V' is missing (expected 1 value)
clang: error: no input files
configure:5500: $? = 1
configure:5489: gcc -qversion >&5
clang: error: unknown argument '-qversion'; did you mean '--version'?
clang: error: no input files
configure:5500: $? = 1
configure:5489: gcc -version >&5
clang: error: unknown argument '-version'; did you mean '--version'?
clang: error: no input files
configure:5500: $? = 1
configure:5504: checking whether the compiler supports GNU C
configure:5524: gcc -c  -I/Users/nguyentrinh/Documents/GitHub/wiedemann-analyzer/external/gmp-6.3.0/include conftest.c >&5
configure:5524: $? = 0
configure:5536: result: yes
configure:5547: checking whether gcc accepts -g
configure:5568: gcc -c -g -I/Users/nguyentrinh/Documents/GitHub/wiedemann-analyzer/external/gmp-6.3.0/include conftest.c >&5
configure:5568: $? = 0
configure:5615: result: yes
configure:5635: checking for gcc option to enable C11 features
configure:5650: gcc  -c -g -O2 -I/Users/nguyentrinh/Documents/GitHub/wiedemann-analyzer/external/gmp-6.3.0/include conftest.c >&5
configure:5650: $? = 0
configure:5669: result: none needed
configure:5793: checking whether gcc understands -c and -o together
configure:5816: gcc -c conftest.c -o conftest2.o
configure:5819: $? = 0
configure:5816: gcc -c conftest.c -o conftest2.o
configure:5819: $? = 0
configure:5832: result: yes
configure:5851: checking dependency style of gcc
configure:5964: result: gcc3
configure:6036: checking for ar
configure:6057: found /usr/bin/ar
configure:6069: result: ar
configure:6096: checking the archiver (ar) interface
configure:6113: gcc -c -g -O2 -I/Users/nguyentrinh/Documents/GitHub/wiedemann-analyzer/external/gmp-6.3.0/include conftest.c >&5
configure:6113: $? = 0
configure:6116: ar cr libconftest.a conftest.o >&5
configure:6119: $? = 0
configure:6148: result: ar
configure:6217: checking how to print strings
configure:6244: result: printf
configure:6265: checking for a sed that does not truncate output
configure:6337: result: /usr/bin/sed
configure:6355: checking for grep that handles long lines and -e
configure:6421: result: /usr/bin/grep
configure:6426: checking for egrep
configure:6496: result: /usr/bin/grep -E
configure:6503: checking for fgrep
configure:6573: result: /usr/bin/grep -F
configure:6610: checking for ld used by gcc
configure:6679: result: /Applications/Xcode.app/Contents/Developer/Toolchains/XcodeDefault.xctoolchain/usr/bin/ld
configure:6686: checking if the linker (/Applications/Xcode.app/Contents/Developer/Toolchains/XcodeDefault.xctoolchain/usr/bin/ld) is GNU ld
configure:6703: result: no
configure:6715: checking for BSD- or MS-compatible name lister (nm)
configure:6771: result: /usr/bin/nm -B
configure:6913: checking the name lister (/usr/bin/nm -B) interface
configure:6921: g++ -std=gnu++11 -c  -I/Users/nguyentrinh/Documents/GitHub/wiedemann-analyzer/external/gmp-6.3.0/include conftest.cpp >&5
configure:6924: /usr/bin/nm -B "conftest.o"
configure:6927: output
0000000000000000 S _some_variable
0000000000000000 t ltmp0
0000000000000000 s ltmp1
configure:6935: result: BSD nm
configure:6938: checking whether ln -s works
configure:6942: result: yes
configure:6950: checking the maximum length of command line arguments
configure:7083: result: 786432
configure:7131: checking how to convert aarch64-apple-darwin24.3.0 file names to aarch64-apple-darwin24.3.0 format
configure:7173: result: func_convert_file_noop
configure:7180: checking how to convert aarch64-apple-darwin24.3.0 file names to toolchain format
configure:7202: result: func_convert_file_noop
configure:7209: checking for /Applications/Xcode.app/Contents/Developer/Toolchains/XcodeDefault.xctoolchain/usr/bin/ld option to reload object files
configure:7218: result: -r
configure:7251: checking for file
configure:7272: found /usr/bin/file
configure:7285: result: file
configure:7348: checking for objdump
configure:7369: found /usr/bin/objdump
configure:7381: result: objdump
configure:7413: checking how to recognize dependent libraries
configure:7622: result: pass_all
configure:7713: checking for dlltool
configure:7749: result: no
configure:7779: checking how to associate runtime and link libraries
configure:7808: result: printf %s\n
configure:7869: checking for ranlib
configure:7890: found /usr/bin/ranlib
configure:7902: result: ranlib
configure:8065: checking for archiver @FILE support
configure:8083: g++ -std=gnu++11 -c  -I/Users/nguyentrinh/Documents/GitHub/wiedemann-analyzer/external/gmp-6.3.0/include conftest.cpp >&5
configure:8083: $? = 0
configure:8087: ar cr libconftest.a @conftest.lst >&5
ar: @conftest.lst: No such file or directory
configure:8090: $? = 1
configure:8111: result: no
configure:8175: checking for strip
configure:8196: found /usr/bin/strip
configure:8208: result: strip
configure:8311: checking command to parse /usr/bin/nm -B output from gcc object
configure:8465: g++ -std=gnu++11 -c  -I/Users/nguyentrinh/Documents/GitHub/wiedemann-analyzer/external/gmp-6.3.0/include conftest.cpp >&5
configure:8468: $? = 0
configure:8472: /usr/bin/nm -B conftest.o | /usr/bin/sed -n -e 's/^.*[	 ]\([ABCDGIRSTW][ABCDGIRSTW]*\)[	 ][	 ]*\([_A-Za-z][_A-Za-z0-9]*\)$/\1 \2 \2/p' | /usr/bin/sed '/ __gnu_lto/d' > conftest.nm
cannot find nm_test_var in conftest.nm
configure:8465: g++ -std=gnu++11 -c  -I/Users/nguyentrinh/Documents/GitHub/wiedemann-analyzer/external/gmp-6.3.0/include conftest.cpp >&5
configure:8468: $? = 0
configure:8472: /usr/bin/nm -B conftest.o | /usr/bin/sed -n -e 's/^.*[	 ]\([ABCDGIRSTW][ABCDGIRSTW]*\)[	 ][	 ]*_\([_A-Za-z][_A-Za-z0-9]*\)$/\1 _\2 \2/p' | /usr/bin/sed '/ __gnu_lto/d' > conftest.nm
configure:8538: g++ -std=gnu++11 -o conftest  -I/Users/nguyentrinh/Documents/GitHub/wiedemann-analyzer/external/gmp-6.3.0/include -L/Users/nguyentrinh/Documents/GitHub/wiedemann-analyzer/external/gmp-6.3.0/lib conftest.cpp conftstm.o >&5
configure:8541: $? = 0
configure:8580: result: ok
configure:8627: checking for sysroot
configure:8661: result: no
configure:8668: checking for a working dd
configure:8713: result: /bin/dd
configure:8717: checking how to truncate binary pipes
configure:8734: result: /bin/dd bs=4096 count=1
configure:9074: checking for mt
configure:9110: result: no
configure:9130: checking if : is a manifest tool
configure:9137: : '-?'
configure:9146: result: no
configure:9208: checking for dsymutil
configure:9229: found /usr/bin/dsymutil
configure:9241: result: dsymutil
configure:9312: checking for nmedit
configure:9333: found /usr/bin/nmedit
configure:9345: result: nmedit
configure:9416: checking for lipo
configure:9437: found /usr/bin/lipo
configure:9449: result: lipo
configure:9520: checking for otool
configure:9541: found /usr/bin/otool
configure:9553: result: otool
configure:9624: checking for otool64
configure:9660: result: no
configure:9705: checking for -single_module linker flag
gcc -g -O2 -L/Users/nguyentrinh/Documents/GitHub/wiedemann-analyzer/external/gmp-6.3.0/lib -o libconftest.dylib -dynamiclib -Wl,-single_module conftest.c
ld: warning: -single_module is obsolete
configure:9740: result: no
configure:9745: checking for -no_fixup_chains linker flag
configure:9764: g++ -std=gnu++11 -o conftest  -I/Users/nguyentrinh/Documents/GitHub/wiedemann-analyzer/external/gmp-6.3.0/include -L/Users/nguyentrinh/Documents/GitHub/wiedemann-analyzer/external/gmp-6.3.0/lib -Wl,-no_fixup_chains conftest.cpp  >&5
configure:9764: $? = 0
configure:9779: result: yes
configure:9782: checking for -exported_symbols_list linker flag
configure:9803: g++ -std=gnu++11 -o conftest  -I/Users/nguyentrinh/Documents/GitHub/wiedemann-analyzer/external/gmp-6.3.0/include -L/Users/nguyentrinh/Documents/GitHub/wiedemann-analyzer/external/gmp-6.3.0/lib -Wl,-exported_symbols_list,conftest.sym conftest.cpp  >&5
configure:9803: $? = 0
configure:9816: result: yes
configure:9819: checking for -force_load linker flag
gcc -g -O2 -c -o conftest.o conftest.c
ar cr libconftest.a conftest.o
ranlib libconftest.a
gcc -g -O2 -L/Users/nguyentrinh/Documents/GitHub/wiedemann-analyzer/external/gmp-6.3.0/lib -o conftest conftest.c -Wl,-force_load,./libconftest.a
configure:9853: result: yes
configure:9943: checking for stdio.h
configure:9943: g++ -std=gnu++11 -c  -I/Users/nguyentrinh/Documents/GitHub/wiedemann-analyzer/external/gmp-6.3.0/include conftest.cpp >&5
configure:9943: $? = 0
configure:9943: result: yes
configure:9943: checking for stdlib.h
configure:9943: g++ -std=gnu++11 -c  -I/Users/nguyentrinh/Documents/GitHub/wiedemann-analyzer/external/gmp-6.3.0/include conftest.cpp >&5
configure:9943: $? = 0
configure:9943: result: yes
configure:9943: checking for string.h
configure:9943: g++ -std=gnu++11 -c  -I/Users/nguyentrinh/Documents/GitHub/wiedemann-analyzer/external/gmp-6.3.0/include conftest.cpp >&5
configure:9943: $? = 0
configure:9943: result: yes
configure:9943: checking for inttypes.h
configure:9943: g++ -std=gnu++11 -c  -I/Users/nguyentrinh/Documents/GitHub/wiedemann-analyzer/external/gmp-6.3.0/include conftest.cpp >&5
configure:9943: $? = 0
configure:9943: result: yes
configure:9943: checking for stdint.h
configure:9943: g++ -std=gnu++11 -c  -I/Users/nguyentrinh/Documents/GitHub/wiedemann-analyzer/external/gmp-6.3.0/include conftest.cpp >&5
configure:9943: $? = 0
configure:9943: result: yes
configure:9943: checking for strings.h
configure:9943: g++ -std=gnu++11 -c  -I/Users/nguyentrinh/Documents/GitHub/wiedemann-analyzer/external/gmp-6.3.0/include conftest.cpp >&5
configure:9943: $? = 0
configure:9943: result: yes
configure:9943: checking for sys/stat.h
configure:9943: g++ -std=gnu++11 -c  -I/Users/nguyentrinh/Documents/GitHub/wiedemann-analyzer/external/gmp-6.3.0/include conftest.cpp >&5
configure:9943: $? = 0
configure:9943: result: yes
configure:9943: checking for sys/types.h
configure:9943: g++ -std=gnu++11 -c  -I/Users/nguyentrinh/Documents/GitHub/wiedemann-analyzer/external/gmp-6.3.0/include conftest.cpp >&5
configure:9943: $? = 0
configure:9943: result: yes
configure:9943: checking for unistd.h
configure:9943: g++ -std=gnu++11 -c  -I/Users/nguyentrinh/Documents/GitHub/wiedemann-analyzer/external/gmp-6.3.0/include conftest.cpp >&5
configure:9943: $? = 0
configure:9943: result: yes
configure:9968: checking for dlfcn.h
configure:9968: g++ -std=gnu++11 -c  -I/Users/nguyentrinh/Documents/GitHub/wiedemann-analyzer/external/gmp-6.3.0/include conftest.cpp >&5
configure:9968: $? = 0
configure:9968: result: yes
configure:10281: checking for objdir
configure:10298: result: .libs
configure:10564: checking if gcc supports -fno-rtti -fno-exceptions
configure:10583: gcc -c -g -O2 -I/Users/nguyentrinh/Documents/GitHub/wiedemann-analyzer/external/gmp-6.3.0/include -fno-rtti -fno-exceptions conftest.c >&5
configure:10587: $? = 0
configure:10601: result: yes
configure:10980: checking for gcc option to produce PIC
configure:10989: result: -fno-common -DPIC
configure:10997: checking if gcc PIC flag -fno-common -DPIC works
configure:11016: gcc -c -g -O2 -I/Users/nguyentrinh/Documents/GitHub/wiedemann-analyzer/external/gmp-6.3.0/include -fno-common -DPIC -DPIC conftest.c >&5
configure:11020: $? = 0
configure:11034: result: yes
configure:11063: checking if gcc static flag -static works
configure:11093: result: no
configure:11108: checking if gcc supports -c -o file.o
configure:11130: gcc -c -g -O2 -I/Users/nguyentrinh/Documents/GitHub/wiedemann-analyzer/external/gmp-6.3.0/include -o out/conftest2.o conftest.c >&5
configure:11134: $? = 0
configure:11157: result: yes
configure:11165: checking if gcc supports -c -o file.o
configure:11214: result: yes
configure:11247: checking whether the gcc linker (/Applications/Xcode.app/Contents/Developer/Toolchains/XcodeDefault.xctoolchain/usr/bin/ld) supports shared libraries
configure:12535: result: yes
configure:12777: checking dynamic linker characteristics
configure:14179: result: darwin24.3.0 dyld
configure:14301: checking how to hardcode library paths into programs
configure:14326: result: immediate
configure:14926: checking whether stripping libraries is possible
configure:14943: result: yes
configure:14977: checking if libtool supports shared libraries
configure:14979: result: yes
configure:14982: checking whether to build shared libraries
configure:15007: result: yes
configure:15010: checking whether to build static libraries
configure:15014: result: yes
configure:15037: checking how to run the C++ preprocessor
configure:15059: g++ -std=gnu++11 -E -I/Users/nguyentrinh/Documents/GitHub/wiedemann-analyzer/external/gmp-6.3.0/include conftest.cpp
configure:15059: $? = 0
configure:15075: g++ -std=gnu++11 -E -I/Users/nguyentrinh/Documents/GitHub/wiedemann-analyzer/external/gmp-6.3.0/include conftest.cpp
conftest.cpp:23:10: fatal error: 'ac_nonexistent.h' file not found
   23 | #include <ac_nonexistent.h>
      |          ^~~~~~~~~~~~~~~~~~
1 error generated.
configure:15075: $? = 1
configure: failed program was:
| /* confdefs.h */
| #define PACKAGE_NAME "Givaro"
| #define PACKAGE_TARNAME "givaro"
| #define PACKAGE_VERSION "4.2.1"
| #define PACKAGE_STRING "Givaro 4.2.1"
| #define PACKAGE_BUGREPORT "http://github.com/linbox-team/givaro"
| #define PACKAGE_URL "https://casys.gricad-pages.univ-grenoble-alpes.fr/givaro"
| #define PACKAGE "givaro"
| #define VERSION "4.2.1"
| #define HAVE_STDIO_H 1
| #define HAVE_STDLIB_H 1
| #define HAVE_STRING_H 1
| #define HAVE_INTTYPES_H 1
| #define HAVE_STDINT_H 1
| #define HAVE_STRINGS_H 1
| #define HAVE_SYS_STAT_H 1
| #define HAVE_SYS_TYPES_H 1
| #define HAVE_UNISTD_H 1
| #define STDC_HEADERS 1
| #define HAVE_DLFCN_H 1
| #define LT_OBJDIR ".libs/"
| /* end confdefs.h.  */
| #include <ac_nonexistent.h>
configure:15104: result: g++ -std=gnu++11 -E
configure:15118: g++ -std=gnu++11 -E -I/Users/nguyentrinh/Documents/GitHub/wiedemann-analyzer/external/gmp-6.3.0/include conftest.cpp
configure:15118: $? = 0
configure:15134: g++ -std=gnu++11 -E -I/Users/nguyentrinh/Documents/GitHub/wiedemann-analyzer/external/gmp-6.3.0/include conftest.cpp
conftest.cpp:23:10: fatal error: 'ac_nonexistent.h' file not found
   23 | #include <ac_nonexistent.h>
      |          ^~~~~~~~~~~~~~~~~~
1 error generated.
configure:15134: $? = 1
configure: failed program was:
| /* confdefs.h */
| #define PACKAGE_NAME "Givaro"
| #define PACKAGE_TARNAME "givaro"
| #define PACKAGE_VERSION "4.2.1"
| #define PACKAGE_STRING "Givaro 4.2.1"
| #define PACKAGE_BUGREPORT "http://github.com/linbox-team/givaro"
| #define PACKAGE_URL "https://casys.gricad-pages.univ-grenoble-alpes.fr/givaro"
| #define PACKAGE "givaro"
| #define VERSION "4.2.1"
| #define HAVE_STDIO_H 1
| #define HAVE_STDLIB_H 1
| #define HAVE_STRING_H 1
| #define HAVE_INTTYPES_H 1
| #define HAVE_STDINT_H 1
| #define HAVE_STRINGS_H 1
| #define HAVE_SYS_STAT_H 1
| #define HAVE_SYS_TYPES_H 1
| #define HAVE_UNISTD_H 1
| #define STDC_HEADERS 1
| #define HAVE_DLFCN_H 1
| #define LT_OBJDIR ".libs/"
| /* end confdefs.h.  */
| #include <ac_nonexistent.h>
configure:15302: checking for ld used by g++ -std=gnu++11
configure:15371: result: /Applications/Xcode.app/Contents/Developer/Toolchains/XcodeDefault.xctoolchain/usr/bin/ld
configure:15378: checking if the linker (/Applications/Xcode.app/Contents/Developer/Toolchains/XcodeDefault.xctoolchain/usr/bin/ld) is GNU ld
configure:15395: result: no
configure:15449: checking whether the g++ -std=gnu++11 linker (/Applications/Xcode.app/Contents/Developer/Toolchains/XcodeDefault.xctoolchain/usr/bin/ld) supports shared libraries
configure:16537: result: yes
configure:16573: g++ -std=gnu++11 -c  -I/Users/nguyentrinh/Documents/GitHub/wiedemann-analyzer/external/gmp-6.3.0/include conftest.cpp >&5
configure:16576: $? = 0
configure:17062: checking for g++ -std=gnu++11 option to produce PIC
configure:17071: result: -fno-common -DPIC
configure:17079: checking if g++ -std=gnu++11 PIC flag -fno-common -DPIC works
configure:17098: g++ -std=gnu++11 -c  -I/Users/nguyentrinh/Documents/GitHub/wiedemann-analyzer/external/gmp-6.3.0/include -fno-common -DPIC -DPIC conftest.cpp >&5
configure:17102: $? = 0
configure:17116: result: yes
configure:17139: checking if g++ -std=gnu++11 static flag -static works
configure:17169: result: no
configure:17181: checking if g++ -std=gnu++11 supports -c -o file.o
configure:17203: g++ -std=gnu++11 -c  -I/Users/nguyentrinh/Documents/GitHub/wiedemann-analyzer/external/gmp-6.3.0/include -o out/conftest2.o conftest.cpp >&5
configure:17207: $? = 0
configure:17230: result: yes
configure:17235: checking if g++ -std=gnu++11 supports -c -o file.o
configure:17284: result: yes
configure:17314: checking whether the g++ -std=gnu++11 linker (/Applications/Xcode.app/Contents/Developer/Toolchains/XcodeDefault.xctoolchain/usr/bin/ld) supports shared libraries
configure:17357: result: yes
configure:17500: checking dynamic linker characteristics
configure:18806: result: darwin24.3.0 dyld
configure:18871: checking how to hardcode library paths into programs
configure:18896: result: immediate
configure:18964: checking for egrep
configure:19034: result: /usr/bin/grep -E
configure:19042: checking for float.h
configure:19042: g++ -std=gnu++11 -c  -I/Users/nguyentrinh/Documents/GitHub/wiedemann-analyzer/external/gmp-6.3.0/include conftest.cpp >&5
configure:19042: $? = 0
configure:19042: result: yes
configure:19048: checking for limits.h
configure:19048: g++ -std=gnu++11 -c  -I/Users/nguyentrinh/Documents/GitHub/wiedemann-analyzer/external/gmp-6.3.0/include conftest.cpp >&5
configure:19048: $? = 0
configure:19048: result: yes
configure:19054: checking for stddef.h
configure:19054: g++ -std=gnu++11 -c  -I/Users/nguyentrinh/Documents/GitHub/wiedemann-analyzer/external/gmp-6.3.0/include conftest.cpp >&5
configure:19054: $? = 0
configure:19054: result: yes
configure:19060: checking for stdlib.h
configure:19060: result: yes
configure:19066: checking for string.h
configure:19066: result: yes
configure:19072: checking for sys/time.h
configure:19072: g++ -std=gnu++11 -c  -I/Users/nguyentrinh/Documents/GitHub/wiedemann-analyzer/external/gmp-6.3.0/include conftest.cpp >&5
configure:19072: $? = 0
configure:19072: result: yes
configure:19078: checking for stdint.h
configure:19078: result: yes
configure:19084: checking for pthread.h
configure:19084: g++ -std=gnu++11 -c  -I/Users/nguyentrinh/Documents/GitHub/wiedemann-analyzer/external/gmp-6.3.0/include conftest.cpp >&5
configure:19084: $? = 0
configure:19084: result: yes
configure:19099: checking for family name of compiler
configure:19121: g++ -std=gnu++11 -o conftest  -I/Users/nguyentrinh/Documents/GitHub/wiedemann-analyzer/external/gmp-6.3.0/include -L/Users/nguyentrinh/Documents/GitHub/wiedemann-analyzer/external/gmp-6.3.0/lib conftest.cpp  >&5
conftest.cpp:35:17: error: expected unqualified-id
   35 |                 not intel
      |                 ^
1 error generated.
configure:19121: $? = 1
configure: program exited with status 1
configure: failed program was:
| /* confdefs.h */
| #define PACKAGE_NAME "Givaro"
| #define PACKAGE_TARNAME "givaro"
| #define PACKAGE_VERSION "4.2.1"
| #define PACKAGE_STRING "Givaro 4.2.1"
| #define PACKAGE_BUGREPORT "http://github.com/linbox-team/givaro"
| #define PACKAGE_URL "https://casys.gricad-pages.univ-grenoble-alpes.fr/givaro"
| #define PACKAGE "givaro"
| #define VERSION "4.2.1"
| #define HAVE_STDIO_H 1
| #define HAVE_STDLIB_H 1
| #define HAVE_STRING_H 1
| #define HAVE_INTTYPES_H 1
| #define HAVE_STDINT_H 1
| #define HAVE_STRINGS_H 1
| #define HAVE_SYS_STAT_H 1
| #define HAVE_SYS_TYPES_H 1
| #define HAVE_UNISTD_H 1
| #define STDC_HEADERS 1
| #define HAVE_DLFCN_H 1
| #define LT_OBJDIR ".libs/"
| #define HAVE_FLOAT_H 1
| #define HAVE_LIMITS_H 1
| #define HAVE_STDDEF_H 1
| #define HAVE_STDLIB_H 1
| #define HAVE_STRING_H 1
| #define HAVE_SYS_TIME_H 1
| #define HAVE_STDINT_H 1
| #define HAVE_PTHREAD_H 1
| /* end confdefs.h.  */
| 
|             #ifdef __INTEL_COMPILER
|                 int main() { return 0 ; }
|             #else
|                 not intel
|             #endif
configure:19152: g++ -std=gnu++11 -o conftest  -I/Users/nguyentrinh/Documents/GitHub/wiedemann-analyzer/external/gmp-6.3.0/include -L/Users/nguyentrinh/Documents/GitHub/wiedemann-analyzer/external/gmp-6.3.0/lib conftest.cpp  >&5
conftest.cpp:35:16: error: expected unqualified-id
   35 |                not ekopath either.
      |                ^
1 error generated.
configure:19152: $? = 1
configure: program exited with status 1
configure: failed program was:
| /* confdefs.h */
| #define PACKAGE_NAME "Givaro"
| #define PACKAGE_TARNAME "givaro"
| #define PACKAGE_VERSION "4.2.1"
| #define PACKAGE_STRING "Givaro 4.2.1"
| #define PACKAGE_BUGREPORT "http://github.com/linbox-team/givaro"
| #define PACKAGE_URL "https://casys.gricad-pages.univ-grenoble-alpes.fr/givaro"
| #define PACKAGE "givaro"
| #define VERSION "4.2.1"
| #define HAVE_STDIO_H 1
| #define HAVE_STDLIB_H 1
| #define HAVE_STRING_H 1
| #define HAVE_INTTYPES_H 1
| #define HAVE_STDINT_H 1
| #define HAVE_STRINGS_H 1
| #define HAVE_SYS_STAT_H 1
| #define HAVE_SYS_TYPES_H 1
| #define HAVE_UNISTD_H 1
| #define STDC_HEADERS 1
| #define HAVE_DLFCN_H 1
| #define LT_OBJDIR ".libs/"
| #define HAVE_FLOAT_H 1
| #define HAVE_LIMITS_H 1
| #define HAVE_STDDEF_H 1
| #define HAVE_STDLIB_H 1
| #define HAVE_STRING_H 1
| #define HAVE_SYS_TIME_H 1
| #define HAVE_STDINT_H 1
| #define HAVE_PTHREAD_H 1
| /* end confdefs.h.  */
| 
|             #ifdef __PATHSCALE__
|                int main() { return !(__PATHCC__ >= 4) ; }
|             #else
|                not ekopath either.
|             #endif
configure:19183: g++ -std=gnu++11 -o conftest  -I/Users/nguyentrinh/Documents/GitHub/wiedemann-analyzer/external/gmp-6.3.0/include -L/Users/nguyentrinh/Documents/GitHub/wiedemann-analyzer/external/gmp-6.3.0/lib conftest.cpp  >&5
configure:19183: $? = 0
configure:19183: ./conftest
configure:19183: $? = 0
configure:19269: result: clang
configure:19420: checking whether g++ -std=gnu++11 supports C++11 features by default
configure:19447: g++ -std=gnu++11 -c  -I/Users/nguyentrinh/Documents/GitHub/wiedemann-analyzer/external/gmp-6.3.0/include conftest.cpp >&5
configure:19447: $? = 0
configure:19457: result: yes
configure:19552: checking whether to inline or not most of the code ?
configure:19566: result: no
configure:19581: checking whether to enable debugging options in the library
configure:19592: result: no
configure:19609: checking whether to enable profiling everything in the library
configure:19620: result: no
configure:19633: checking whether to enable warnings when compiling the library
configure:19644: result: no
configure:19740: checking whether C++ compiler accepts -march=native
configure:19760: g++ -std=gnu++11 -c    -march=native -I/Users/nguyentrinh/Documents/GitHub/wiedemann-analyzer/external/gmp-6.3.0/include conftest.cpp >&5
configure:19760: $? = 0
configure:19771: result: yes
configure:19791: "Adding '-march=native' to OPTIM_FLAGS"
configure:19932: checking size of char
configure:19938: g++ -std=gnu++11 -o conftest   -I/Users/nguyentrinh/Documents/GitHub/wiedemann-analyzer/external/gmp-6.3.0/include -L/Users/nguyentrinh/Documents/GitHub/wiedemann-analyzer/external/gmp-6.3.0/lib conftest.cpp  >&5
configure:19938: $? = 0
configure:19938: ./conftest
configure:19938: $? = 0
configure:19955: result: 1
configure:19967: checking size of short
configure:19973: g++ -std=gnu++11 -o conftest   -I/Users/nguyentrinh/Documents/GitHub/wiedemann-analyzer/external/gmp-6.3.0/include -L/Users/nguyentrinh/Documents/GitHub/wiedemann-analyzer/external/gmp-6.3.0/lib conftest.cpp  >&5
configure:19973: $? = 0
configure:19973: ./conftest
configure:19973: $? = 0
configure:19990: result: 2
configure:20002: checking size of int
configure:20008: g++ -std=gnu++11 -o conftest   -I/Users/nguyentrinh/Documents/GitHub/wiedemann-analyzer/external/gmp-6.3.0/include -L/Users/nguyentrinh/Documents/GitHub/wiedemann-analyzer/external/gmp-6.3.0/lib conftest.cpp  >&5
configure:20008: $? = 0
configure:20008: ./conftest
configure:20008: $? = 0
configure:20025: result: 4
configure:20037: checking size of long
configure:20043: g++ -std=gnu++11 -o conftest   -I/Users/nguyentrinh/Documents/GitHub/wiedemann-analyzer/external/gmp-6.3.0/include -L/Users/nguyentrinh/Documents/GitHub/wiedemann-analyzer/external/gmp-6.3.0/lib conftest.cpp  >&5
configure:20043: $? = 0
configure:20043: ./conftest
configure:20043: $? = 0
configure:20060: result: 8
configure:20072: checking size of long long
configure:20078: g++ -std=gnu++11 -o conftest   -I/Users/nguyentrinh/Documents/GitHub/wiedemann-analyzer/external/gmp-6.3.0/include -L/Users/nguyentrinh/Documents/GitHub/wiedemann-analyzer/external/gmp-6.3.0/lib conftest.cpp  >&5
configure:20078: $? = 0
configure:20078: ./conftest
configure:20078: $? = 0
configure:20095: result: 8
configure:20107: checking size of __int64_t
configure:20113: g++ -std=gnu++11 -o conftest   -I/Users/nguyentrinh/Documents/GitHub/wiedemann-analyzer/external/gmp-6.3.0/include -L/Users/nguyentrinh/Documents/GitHub/wiedemann-analyzer/external/gmp-6.3.0/lib conftest.cpp  >&5
configure:20113: $? = 0
configure:20113: ./conftest
configure:20113: $? = 0
configure:20130: result: 8
configure:20140: checking for __int128_t
configure:20140: g++ -std=gnu++11 -c   -I/Users/nguyentrinh/Documents/GitHub/wiedemann-analyzer/external/gmp-6.3.0/include conftest.cpp >&5
configure:20140: $? = 0
configure:20140: g++ -std=gnu++11 -c   -I/Users/nguyentrinh/Documents/GitHub/wiedemann-analyzer/external/gmp-6.3.0/include conftest.cpp >&5
conftest.cpp:69:25: error: expected expression
   69 | if (sizeof ((__int128_t)))
      |                         ^
1 error generated.
configure:20140: $? = 1
configure: failed program was:
| /* confdefs.h */
| #define PACKAGE_NAME "Givaro"
| #define PACKAGE_TARNAME "givaro"
| #define PACKAGE_VERSION "4.2.1"
| #define PACKAGE_STRING "Givaro 4.2.1"
| #define PACKAGE_BUGREPORT "http://github.com/linbox-team/givaro"
| #define PACKAGE_URL "https://casys.gricad-pages.univ-grenoble-alpes.fr/givaro"
| #define PACKAGE "givaro"
| #define VERSION "4.2.1"
| #define HAVE_STDIO_H 1
| #define HAVE_STDLIB_H 1
| #define HAVE_STRING_H 1
| #define HAVE_INTTYPES_H 1
| #define HAVE_STDINT_H 1
| #define HAVE_STRINGS_H 1
| #define HAVE_SYS_STAT_H 1
| #define HAVE_SYS_TYPES_H 1
| #define HAVE_UNISTD_H 1
| #define STDC_HEADERS 1
| #define HAVE_DLFCN_H 1
| #define LT_OBJDIR ".libs/"
| #define HAVE_FLOAT_H 1
| #define HAVE_LIMITS_H 1
| #define HAVE_STDDEF_H 1
| #define HAVE_STDLIB_H 1
| #define HAVE_STRING_H 1
| #define HAVE_SYS_TIME_H 1
| #define HAVE_STDINT_H 1
| #define HAVE_PTHREAD_H 1
| #define HAVE_CXX11 1
| #define SIZEOF_CHAR 1
| #define SIZEOF_SHORT 2
| #define SIZEOF_INT 4
| #define SIZEOF_LONG 8
| #define SIZEOF_LONG_LONG 8
| #define SIZEOF___INT64_T 8
| /* end confdefs.h.  */
| #include <stddef.h>
| #ifdef HAVE_STDIO_H
| # include <stdio.h>
| #endif
| #ifdef HAVE_STDLIB_H
| # include <stdlib.h>
| #endif
| #ifdef HAVE_STRING_H
| # include <string.h>
| #endif
| #ifdef HAVE_INTTYPES_H
| # include <inttypes.h>
| #endif
| #ifdef HAVE_STDINT_H
| # include <stdint.h>
| #endif
| #ifdef HAVE_STRINGS_H
| # include <strings.h>
| #endif
| #ifdef HAVE_SYS_TYPES_H
| # include <sys/types.h>
| #endif
| #ifdef HAVE_SYS_STAT_H
| # include <sys/stat.h>
| #endif
| #ifdef HAVE_UNISTD_H
| # include <unistd.h>
| #endif
| int
| main (void)
| {
| if (sizeof ((__int128_t)))
| 	    return 0;
|   ;
|   return 0;
| }
configure:20140: result: yes
configure:20154: g++ -std=gnu++11 -c   -I/Users/nguyentrinh/Documents/GitHub/wiedemann-analyzer/external/gmp-6.3.0/include conftest.cpp >&5
configure:20154: $? = 0
configure:20166: checking whether byte ordering is bigendian
configure:20182: g++ -std=gnu++11 -c   -I/Users/nguyentrinh/Documents/GitHub/wiedemann-analyzer/external/gmp-6.3.0/include conftest.cpp >&5
configure:20182: $? = 0
configure:20228: g++ -std=gnu++11 -c   -I/Users/nguyentrinh/Documents/GitHub/wiedemann-analyzer/external/gmp-6.3.0/include conftest.cpp >&5
configure:20228: $? = 0
configure:20247: g++ -std=gnu++11 -c   -I/Users/nguyentrinh/Documents/GitHub/wiedemann-analyzer/external/gmp-6.3.0/include conftest.cpp >&5
conftest.cpp:46:11: error: expected ';' after expression
   46 |                  not big endian
      |                         ^
      |                         ;
conftest.cpp:46:8: error: use of undeclared identifier 'big'
   46 |                  not big endian
      |                      ^
conftest.cpp:46:12: error: use of undeclared identifier 'endian'
   46 |                  not big endian
      |                          ^
3 errors generated.
configure:20247: $? = 1
configure: failed program was:
| /* confdefs.h */
| #define PACKAGE_NAME "Givaro"
| #define PACKAGE_TARNAME "givaro"
| #define PACKAGE_VERSION "4.2.1"
| #define PACKAGE_STRING "Givaro 4.2.1"
| #define PACKAGE_BUGREPORT "http://github.com/linbox-team/givaro"
| #define PACKAGE_URL "https://casys.gricad-pages.univ-grenoble-alpes.fr/givaro"
| #define PACKAGE "givaro"
| #define VERSION "4.2.1"
| #define HAVE_STDIO_H 1
| #define HAVE_STDLIB_H 1
| #define HAVE_STRING_H 1
| #define HAVE_INTTYPES_H 1
| #define HAVE_STDINT_H 1
| #define HAVE_STRINGS_H 1
| #define HAVE_SYS_STAT_H 1
| #define HAVE_SYS_TYPES_H 1
| #define HAVE_UNISTD_H 1
| #define STDC_HEADERS 1
| #define HAVE_DLFCN_H 1
| #define LT_OBJDIR ".libs/"
| #define HAVE_FLOAT_H 1
| #define HAVE_LIMITS_H 1
| #define HAVE_STDDEF_H 1
| #define HAVE_STDLIB_H 1
| #define HAVE_STRING_H 1
| #define HAVE_SYS_TIME_H 1
| #define HAVE_STDINT_H 1
| #define HAVE_PTHREAD_H 1
| #define HAVE_CXX11 1
| #define SIZEOF_CHAR 1
| #define SIZEOF_SHORT 2
| #define SIZEOF_INT 4
| #define SIZEOF_LONG 8
| #define SIZEOF_LONG_LONG 8
| #define SIZEOF___INT64_T 8
| #define HAVE_INT128 1
| /* end confdefs.h.  */
| #include <sys/types.h>
| 		#include <sys/param.h>
| 
| int
| main (void)
| {
| #if BYTE_ORDER != BIG_ENDIAN
| 		 not big endian
| 		#endif
| 
|   ;
|   return 0;
| }
configure:20388: result: no
configure:20410: Creating symbolic links for compilation
configure:20496: checking for gmp.h
configure:20496: g++ -std=gnu++11 -c    -I/Users/nguyentrinh/Documents/GitHub/wiedemann-analyzer/external/gmp-6.3.0/include  conftest.cpp >&5
configure:20496: $? = 0
configure:20496: result: yes
configure:20500: checking for GMP library
configure:20516: g++ -std=gnu++11 -o conftest    -I/Users/nguyentrinh/Documents/GitHub/wiedemann-analyzer/external/gmp-6.3.0/include  -L/Users/nguyentrinh/Documents/GitHub/wiedemann-analyzer/external/gmp-6.3.0/lib conftest.cpp   -lgmp >&5
configure:20516: $? = 0
configure:20537: result: yes
configure:20557: checking for gmpxx.h
configure:20557: g++ -std=gnu++11 -c    -I/Users/nguyentrinh/Documents/GitHub/wiedemann-analyzer/external/gmp-6.3.0/include  conftest.cpp >&5
configure:20557: $? = 0
configure:20557: result: yes
configure:20561: checking for GMP cxx support
configure:20576: g++ -std=gnu++11 -o conftest    -I/Users/nguyentrinh/Documents/GitHub/wiedemann-analyzer/external/gmp-6.3.0/include  -L/Users/nguyentrinh/Documents/GitHub/wiedemann-analyzer/external/gmp-6.3.0/lib conftest.cpp   -lgmp >&5
configure:20576: $? = 0
configure:20578: result: yes
configure:20602: checking whether gmp version is at least 40000
configure:20621: g++ -std=gnu++11 -o conftest    -I/Users/nguyentrinh/Documents/GitHub/wiedemann-analyzer/external/gmp-6.3.0/include  -L/Users/nguyentrinh/Documents/GitHub/wiedemann-analyzer/external/gmp-6.3.0/lib conftest.cpp   -lgmp >&5
configure:20621: $? = 0
configure:20621: ./conftest
configure:20621: $? = 0
configure:20623: result: yes
configure:20661: checking whether to build documentation
configure:20706: result: no
configure:20921: checking that generated files are newer than configure
configure:20927: result: done
configure:20995: creating ./config.status

## ---------------------- ##
## Running config.status. ##
## ---------------------- ##

This file was extended by Givaro config.status 4.2.1, which was
generated by GNU Autoconf 2.72.  Invocation command line was

  CONFIG_FILES    = 
  CONFIG_HEADERS  = 
  CONFIG_LINKS    = 
  CONFIG_COMMANDS = 
  $ ./config.status 

on Nguyens-MacBook-Air-2.local

config.status:1225: creating Makefile
config.status:1225: creating givaro-makefile
config.status:1225: creating src/Makefile
config.status:1225: creating src/kernel/Makefile
config.status:1225: creating src/kernel/system/Makefile
config.status:1225: creating src/kernel/memory/Makefile
config.status:1225: creating src/kernel/gmp++/Makefile
config.status:1225: creating src/kernel/integer/Makefile
config.status:1225: creating src/kernel/bstruct/Makefile
config.status:1225: creating src/kernel/rational/Makefile
config.status:1225: creating src/kernel/recint/Makefile
config.status:1225: creating src/kernel/field/Makefile
config.status:1225: creating src/kernel/ring/Makefile
config.status:1225: creating src/library/Makefile
config.status:1225: creating src/library/vector/Makefile
config.status:1225: creating src/library/tools/Makefile
config.status:1225: creating src/library/poly1/Makefile
config.status:1225: creating src/library/matrix/Makefile
config.status:1225: creating macros/Makefile
config.status:1225: creating benchmarks/Makefile
config.status:1225: creating examples/Makefile
config.status:1225: creating examples/FiniteField/Makefile
config.status:1225: creating examples/Integer/Makefile
config.status:1225: creating examples/Rational/Makefile
config.status:1225: creating examples/RecInt/Makefile
config.status:1225: creating examples/Polynomial/Makefile
config.status:1225: creating examples/Matrix/Makefile
config.status:1225: creating tests/Makefile
config.status:1225: creating docs/Makefile
config.status:1225: creating givaro.pc
config.status:1225: creating givaro-config
config.status:1225: creating config.h
config.status:1454: executing givaro-config.h commands
config.status:1492: creating givaro-config.h - prefix __GIVARO for config.h defines
config.status:1514: givaro-config.h is unchanged
config.status:1454: executing depfiles commands
config.status:1620: cd src       && sed -e '/# am--include-marker/d' Makefile         | make -f - am--depfiles
config.status:1625: $? = 0
config.status:1620: cd src/kernel/system       && sed -e '/# am--include-marker/d' Makefile         | make -f - am--depfiles
config.status:1625: $? = 0
config.status:1620: cd src/kernel/memory       && sed -e '/# am--include-marker/d' Makefile         | make -f - am--depfiles
config.status:1625: $? = 0
config.status:1620: cd src/kernel/gmp++       && sed -e '/# am--include-marker/d' Makefile         | make -f - am--depfiles
config.status:1625: $? = 0
config.status:1620: cd src/kernel/integer       && sed -e '/# am--include-marker/d' Makefile         | make -f - am--depfiles
config.status:1625: $? = 0
config.status:1620: cd src/kernel/bstruct       && sed -e '/# am--include-marker/d' Makefile         | make -f - am--depfiles
config.status:1625: $? = 0
config.status:1620: cd src/kernel/rational       && sed -e '/# am--include-marker/d' Makefile         | make -f - am--depfiles
config.status:1625: $? = 0
config.status:1620: cd src/kernel/field       && sed -e '/# am--include-marker/d' Makefile         | make -f - am--depfiles
config.status:1625: $? = 0
config.status:1620: cd src/library/tools       && sed -e '/# am--include-marker/d' Makefile         | make -f - am--depfiles
config.status:1625: $? = 0
config.status:1620: cd src/library/poly1       && sed -e '/# am--include-marker/d' Makefile         | make -f - am--depfiles
config.status:1625: $? = 0
config.status:1620: cd benchmarks       && sed -e '/# am--include-marker/d' Makefile         | make -f - am--depfiles
config.status:1625: $? = 0
config.status:1620: cd examples/FiniteField       && sed -e '/# am--include-marker/d' Makefile         | make -f - am--depfiles
config.status:1625: $? = 0
config.status:1620: cd examples/Integer       && sed -e '/# am--include-marker/d' Makefile         | make -f - am--depfiles
config.status:1625: $? = 0
config.status:1620: cd examples/Rational       && sed -e '/# am--include-marker/d' Makefile         | make -f - am--depfiles
config.status:1625: $? = 0
config.status:1620: cd examples/RecInt       && sed -e '/# am--include-marker/d' Makefile         | make -f - am--depfiles
config.status:1625: $? = 0
config.status:1620: cd examples/Polynomial       && sed -e '/# am--include-marker/d' Makefile         | make -f - am--depfiles
config.status:1625: $? = 0
config.status:1620: cd examples/Matrix       && sed -e '/# am--include-marker/d' Makefile         | make -f - am--depfiles
config.status:1625: $? = 0
config.status:1620: cd tests       && sed -e '/# am--include-marker/d' Makefile         | make -f - am--depfiles
config.status:1625: $? = 0
config.status:1454: executing libtool commands
configure:23532: WARNING: unrecognized options: --with-gmp-prefix

## ---------------- ##
## Cache variables. ##
## ---------------- ##

ac_cv_build=aarch64-apple-darwin24.3.0
ac_cv_c_bigendian=no
ac_cv_c_compiler_gnu=yes
ac_cv_cxx_compiler_gnu=yes
ac_cv_env_CCC_set=
ac_cv_env_CCC_value=
ac_cv_env_CC_set=
ac_cv_env_CC_value=
ac_cv_env_CFLAGS_set=
ac_cv_env_CFLAGS_value=
ac_cv_env_CPPFLAGS_set=set
ac_cv_env_CPPFLAGS_value=-I/Users/nguyentrinh/Documents/GitHub/wiedemann-analyzer/external/gmp-6.3.0/include
ac_cv_env_CXXCPP_set=
ac_cv_env_CXXCPP_value=
ac_cv_env_CXXFLAGS_set=
ac_cv_env_CXXFLAGS_value=
ac_cv_env_CXX_set=
ac_cv_env_CXX_value=
ac_cv_env_LDFLAGS_set=set
ac_cv_env_LDFLAGS_value=-L/Users/nguyentrinh/Documents/GitHub/wiedemann-analyzer/external/gmp-6.3.0/lib
ac_cv_env_LIBS_set=
ac_cv_env_LIBS_value=
ac_cv_env_LT_SYS_LIBRARY_PATH_set=
ac_cv_env_LT_SYS_LIBRARY_PATH_value=
ac_cv_env_build_alias_set=
ac_cv_env_build_alias_value=
ac_cv_env_host_alias_set=
ac_cv_env_host_alias_value=
ac_cv_env_target_alias_set=
ac_cv_env_target_alias_value=
ac_cv_header_dlfcn_h=yes
ac_cv_header_float_h=yes
ac_cv_header_gmp_h=yes
ac_cv_header_gmpxx_h=yes
ac_cv_header_inttypes_h=yes
ac_cv_header_limits_h=yes
ac_cv_header_pthread_h=yes
ac_cv_header_stddef_h=yes
ac_cv_header_stdint_h=yes
ac_cv_header_stdio_h=yes
ac_cv_header_stdlib_h=yes
ac_cv_header_string_h=yes
ac_cv_header_strings_h=yes
ac_cv_header_sys_stat_h=yes
ac_cv_header_sys_time_h=yes
ac_cv_header_sys_types_h=yes
ac_cv_header_unistd_h=yes
ac_cv_host=aarch64-apple-darwin24.3.0
ac_cv_objext=o
ac_cv_path_EGREP='/usr/bin/grep -E'
ac_cv_path_EGREP_TRADITIONAL='/usr/bin/grep -E'
ac_cv_path_FGREP='/usr/bin/grep -F'
ac_cv_path_GREP=/usr/bin/grep
ac_cv_path_SED=/usr/bin/sed
ac_cv_path_install='/usr/bin/install -c'
ac_cv_path_lt_DD=/bin/dd
ac_cv_prog_AWK=awk
ac_cv_prog_CXXCPP='g++ -std=gnu++11 -E'
ac_cv_prog_FILECMD=file
ac_cv_prog_ac_ct_AR=ar
ac_cv_prog_ac_ct_CC=gcc
ac_cv_prog_ac_ct_CXX=g++
ac_cv_prog_ac_ct_DSYMUTIL=dsymutil
ac_cv_prog_ac_ct_LIPO=lipo
ac_cv_prog_ac_ct_NMEDIT=nmedit
ac_cv_prog_ac_ct_OBJDUMP=objdump
ac_cv_prog_ac_ct_OTOOL=otool
ac_cv_prog_ac_ct_RANLIB=ranlib
ac_cv_prog_ac_ct_STRIP=strip
ac_cv_prog_cc_c11=
ac_cv_prog_cc_g=yes
ac_cv_prog_cc_stdc=
ac_cv_prog_cxx_cxx11=-std=gnu++11
ac_cv_prog_cxx_g=yes
ac_cv_prog_cxx_stdcxx=-std=gnu++11
ac_cv_prog_make_make_set=yes
ac_cv_sizeof___int64_t=8
ac_cv_sizeof_char=1
ac_cv_sizeof_int=4
ac_cv_sizeof_long=8
ac_cv_sizeof_long_long=8
ac_cv_sizeof_short=2
ac_cv_target=aarch64-apple-darwin24.3.0
ac_cv_type___int128_t=yes
am_cv_CC_dependencies_compiler_type=gcc3
am_cv_CXX_dependencies_compiler_type=gcc3
am_cv_ar_interface=ar
am_cv_filesystem_timestamp_resolution=2
am_cv_make_support_nested_variables=yes
am_cv_prog_cc_c_o=yes
am_cv_sleep_fractional_seconds=yes
am_cv_xargs_n_works=yes
ax_cv_check_cxxflags___march_native=yes
ax_cv_cxx_compile_cxx11=yes
lt_cv_apple_cc_single_mod=no
lt_cv_ar_at_file=no
lt_cv_deplibs_check_method=pass_all
lt_cv_file_magic_cmd='$MAGIC_CMD'
lt_cv_file_magic_test_file=
lt_cv_ld_exported_symbols_list=yes
lt_cv_ld_force_load=yes
lt_cv_ld_reload_flag=-r
lt_cv_nm_interface='BSD nm'
lt_cv_objdir=.libs
lt_cv_path_LD=/Applications/Xcode.app/Contents/Developer/Toolchains/XcodeDefault.xctoolchain/usr/bin/ld
lt_cv_path_LDCXX=/Applications/Xcode.app/Contents/Developer/Toolchains/XcodeDefault.xctoolchain/usr/bin/ld
lt_cv_path_NM='/usr/bin/nm -B'
lt_cv_path_manifest_tool=no
lt_cv_prog_compiler_c_o=yes
lt_cv_prog_compiler_c_o_CXX=yes
lt_cv_prog_compiler_pic='-fno-common -DPIC'
lt_cv_prog_compiler_pic_CXX='-fno-common -DPIC'
lt_cv_prog_compiler_pic_works=yes
lt_cv_prog_compiler_pic_works_CXX=yes
lt_cv_prog_compiler_rtti_exceptions=yes
lt_cv_prog_compiler_static_works=no
lt_cv_prog_compiler_static_works_CXX=no
lt_cv_prog_gnu_ld=no
lt_cv_prog_gnu_ldcxx=no
lt_cv_sharedlib_from_linklib_cmd='printf %s\n'
lt_cv_support_no_fixup_chains=yes
lt_cv_sys_global_symbol_pipe='/usr/bin/sed -n -e '\''s/^.*[	 ]\([ABCDGIRSTW][ABCDGIRSTW]*\)[	 ][	 ]*_\([_A-Za-z][_A-Za-z0-9]*\)$/\1 _\2 \2/p'\'' | /usr/bin/sed '\''/ __gnu_lto/d'\'''
lt_cv_sys_global_symbol_to_c_name_address='/usr/bin/sed -n -e '\''s/^: \(.*\) .*$/  {"\1", (void *) 0},/p'\'' -e '\''s/^[ABCDGIRSTW][ABCDGIRSTW]* .* \(.*\)$/  {"\1", (void *) \&\1},/p'\'''
lt_cv_sys_global_symbol_to_c_name_address_lib_prefix='/usr/bin/sed -n -e '\''s/^: \(.*\) .*$/  {"\1", (void *) 0},/p'\'' -e '\''s/^[ABCDGIRSTW][ABCDGIRSTW]* .* \(lib.*\)$/  {"\1", (void *) \&\1},/p'\'' -e '\''s/^[ABCDGIRSTW][ABCDGIRSTW]* .* \(.*\)$/  {"lib\1", (void *) \&\1},/p'\'''
lt_cv_sys_global_symbol_to_cdecl='/usr/bin/sed -n -e '\''s/^T .* \(.*\)$/extern int \1();/p'\'' -e '\''s/^[ABCDGIRSTW][ABCDGIRSTW]* .* \(.*\)$/extern char \1;/p'\'''
lt_cv_sys_global_symbol_to_import=
lt_cv_sys_max_cmd_len=786432
lt_cv_to_host_file_cmd=func_convert_file_noop
lt_cv_to_tool_file_cmd=func_convert_file_noop
lt_cv_truncate_bin='/bin/dd bs=4096 count=1'

## ----------------- ##
## Output variables. ##
## ----------------- ##

ACLOCAL='${SHELL} '\''/Users/nguyentrinh/Documents/GitHub/wiedemann-analyzer/external/givaro-4.2.1/build-aux/missing'\'' aclocal-1.17'
AMDEPBACKSLASH='\'
AMDEP_FALSE='#'
AMDEP_TRUE=''
AMTAR='$${TAR-tar}'
AM_BACKSLASH='\'
AM_DEFAULT_V='$(AM_DEFAULT_VERBOSITY)'
AM_DEFAULT_VERBOSITY='1'
AM_V='$(V)'
AR='ar'
AUTOCONF='${SHELL} '\''/Users/nguyentrinh/Documents/GitHub/wiedemann-analyzer/external/givaro-4.2.1/build-aux/missing'\'' autoconf'
AUTOHEADER='${SHELL} '\''/Users/nguyentrinh/Documents/GitHub/wiedemann-analyzer/external/givaro-4.2.1/build-aux/missing'\'' autoheader'
AUTOMAKE='${SHELL} '\''/Users/nguyentrinh/Documents/GitHub/wiedemann-analyzer/external/givaro-4.2.1/build-aux/missing'\'' automake-1.17'
AWK='awk'
CC='gcc'
CCDEPMODE='depmode=gcc3'
CCNAM='clang'
CFLAGS='-g -O2'
CPPFLAGS='-I/Users/nguyentrinh/Documents/GitHub/wiedemann-analyzer/external/gmp-6.3.0/include'
CSCOPE='cscope'
CTAGS='ctags'
CXX='g++ -std=gnu++11'
CXXCPP='g++ -std=gnu++11 -E'
CXXDEPMODE='depmode=gcc3'
CXXFLAGS=''
CYGPATH_W='echo'
DEBUG_FALSE=''
DEBUG_TRUE='#'
DEFS='-DHAVE_CONFIG_H'
DEPDIR='.deps'
DLLTOOL='false'
DSYMUTIL='dsymutil'
DUMPBIN=''
ECHO_C='\c'
ECHO_N=''
ECHO_T=''
EGREP='/usr/bin/grep -E'
ETAGS='etags'
EXEEXT=''
FGREP='/usr/bin/grep -F'
FILECMD='file'
GIVARO_BUILD_DOC_FALSE=''
GIVARO_BUILD_DOC_TRUE='#'
GIVARO_CXXFLAGS='  -O2 -march=native -Wall -DNDEBUG -UDEBUG'
GIVARO_DOC_PATH='/Users/nguyentrinh/Documents/GitHub/wiedemann-analyzer/external/givaro-4.2.1/docs'
GIVARO_DOXYGEN_FOUND_FALSE=''
GIVARO_DOXYGEN_FOUND_TRUE='#'
GIVARO_INLINE_ALL=''
GIVARO_INLINE_ALL_FALSE=''
GIVARO_INLINE_ALL_TRUE='#'
GMP_CFLAGS=''
GMP_LIBS=' -lgmpxx -lgmp'
GREP='/usr/bin/grep'
HAVE_CXX11='1'
HAVE_DOT=''
INSTALL_DATA='${INSTALL} -m 644'
INSTALL_PROGRAM='${INSTALL}'
INSTALL_SCRIPT='${INSTALL}'
INSTALL_STRIP_PROGRAM='$(install_sh) -c -s'
LD='/Applications/Xcode.app/Contents/Developer/Toolchains/XcodeDefault.xctoolchain/usr/bin/ld'
LDFLAGS='-L/Users/nguyentrinh/Documents/GitHub/wiedemann-analyzer/external/gmp-6.3.0/lib'
LIBOBJS=''
LIBS=''
LIBTOOL='$(SHELL) $(top_builddir)/libtool'
LIPO='lipo'
LN_S='ln -s'
LTLIBOBJS=''
LT_SYS_LIBRARY_PATH=''
MAKEINFO='${SHELL} '\''/Users/nguyentrinh/Documents/GitHub/wiedemann-analyzer/external/givaro-4.2.1/build-aux/missing'\'' makeinfo'
MANIFEST_TOOL=':'
MKDIR_P='mkdir -p'
NM='/usr/bin/nm -B'
NMEDIT='nmedit'
OBJDUMP='objdump'
OBJEXT='o'
OTOOL64=':'
OTOOL='otool'
PACKAGE='givaro'
PACKAGE_BUGREPORT='http://github.com/linbox-team/givaro'
PACKAGE_NAME='Givaro'
PACKAGE_STRING='Givaro 4.2.1'
PACKAGE_TARNAME='givaro'
PACKAGE_URL='https://casys.gricad-pages.univ-grenoble-alpes.fr/givaro'
PACKAGE_VERSION='4.2.1'
PATH_SEPARATOR=':'
PROF='no'
PROFILE_FALSE=''
PROFILE_TRUE='#'
RANLIB='ranlib'
REQUIRED_FLAGS=' '
SED='/usr/bin/sed'
SET_MAKE=''
SHELL='/bin/sh'
STRIP='strip'
USE_DEBUG='no'
VERSION='4.2.1'
WARN='no'
ac_ct_AR='ar'
ac_ct_CC='gcc'
ac_ct_CXX='g++'
ac_ct_DUMPBIN=''
am__EXEEXT_FALSE=''
am__EXEEXT_TRUE='#'
am__fastdepCC_FALSE='#'
am__fastdepCC_TRUE=''
am__fastdepCXX_FALSE='#'
am__fastdepCXX_TRUE=''
am__include='include'
am__isrc=''
am__leading_dot='.'
am__nodep='_no'
am__quote=''
am__rm_f_notfound=''
am__tar='$${TAR-tar} chof - "$$tardir"'
am__untar='$${TAR-tar} xf -'
am__xargs_n='xargs -n'
bindir='${exec_prefix}/bin'
build='aarch64-apple-darwin24.3.0'
build_alias=''
build_cpu='aarch64'
build_os='darwin24.3.0'
build_vendor='apple'
datadir='${datarootdir}'
datarootdir='${prefix}/share'
docdir='${datarootdir}/doc/${PACKAGE_TARNAME}'
dvidir='${docdir}'
exec_prefix='${prefix}'
host='aarch64-apple-darwin24.3.0'
host_alias=''
host_cpu='aarch64'
host_os='darwin24.3.0'
host_vendor='apple'
htmldir='${docdir}'
includedir='${prefix}/include'
infodir='${datarootdir}/info'
install_sh='${SHELL} /Users/nguyentrinh/Documents/GitHub/wiedemann-analyzer/external/givaro-4.2.1/build-aux/install-sh'
libdir='${exec_prefix}/lib'
libexecdir='${exec_prefix}/libexec'
localedir='${datarootdir}/locale'
localstatedir='${prefix}/var'
mandir='${datarootdir}/man'
mkdir_p='$(MKDIR_P)'
oldincludedir='/usr/include'
pdfdir='${docdir}'
prefix='/Users/nguyentrinh/Documents/GitHub/wiedemann-analyzer/external/givaro-4.2.1'
program_transform_name='s,x,x,'
psdir='${docdir}'
runstatedir='${localstatedir}/run'
sbindir='${exec_prefix}/sbin'
sharedstatedir='${prefix}/com'
sysconfdir='${prefix}/etc'
target='aarch64-apple-darwin24.3.0'
target_alias=''
target_cpu='aarch64'
target_os='darwin24.3.0'
target_vendor='apple'

## ----------- ##
## confdefs.h. ##
## ----------- ##

/* confdefs.h */
#define PACKAGE_NAME "Givaro"
#define PACKAGE_TARNAME "givaro"
#define PACKAGE_VERSION "4.2.1"
#define PACKAGE_STRING "Givaro 4.2.1"
#define PACKAGE_BUGREPORT "http://github.com/linbox-team/givaro"
#define PACKAGE_URL "https://casys.gricad-pages.univ-grenoble-alpes.fr/givaro"
#define PACKAGE "givaro"
#define VERSION "4.2.1"
#define HAVE_STDIO_H 1
#define HAVE_STDLIB_H 1
#define HAVE_STRING_H 1
#define HAVE_INTTYPES_H 1
#define HAVE_STDINT_H 1
#define HAVE_STRINGS_H 1
#define HAVE_SYS_STAT_H 1
#define HAVE_SYS_TYPES_H 1
#define HAVE_UNISTD_H 1
#define STDC_HEADERS 1
#define HAVE_DLFCN_H 1
#define LT_OBJDIR ".libs/"
#define HAVE_FLOAT_H 1
#define HAVE_LIMITS_H 1
#define HAVE_STDDEF_H 1
#define HAVE_STDLIB_H 1
#define HAVE_STRING_H 1
#define HAVE_SYS_TIME_H 1
#define HAVE_STDINT_H 1
#define HAVE_PTHREAD_H 1
#define HAVE_CXX11 1
#define SIZEOF_CHAR 1
#define SIZEOF_SHORT 2
#define SIZEOF_INT 4
#define SIZEOF_LONG 8
#define SIZEOF_LONG_LONG 8
#define SIZEOF___INT64_T 8
#define HAVE_INT128 1
#define HAVE_LITTLE_ENDIAN 1
#define HAVE_GMP 1 

configure: exit 0
